USDA-ARS Manhattan, KS    Feb/2023   Rust/Brabec  Flight Mill Collater  1.01
File name: C:\Users\nicholas.sixbury\Desktop\Samples\FlightMill Data\db-03-01-1min comp x2.csv   Process data 2023/03/02 14:47:28
Chan  1     26
Chan  2      0
Chan  3     57
Chan  4      0
Chan  5      8
Chan  6      8
Chan  7     10
Chan  8      0
 1    2.664, 2023/03/01 14:56:54
 1    5.728, 2023/03/01 14:56:57
 1    8.904, 2023/03/01 14:57:00
 1   11.704, 2023/03/01 14:57:03
 1   14.576, 2023/03/01 14:57:06
 1   17.856, 2023/03/01 14:57:09
 1   20.744, 2023/03/01 14:57:12
 1   23.376, 2023/03/01 14:57:15
 1   25.728, 2023/03/01 14:57:17
 1   27.840, 2023/03/01 14:57:19
 1   29.880, 2023/03/01 14:57:21
 1   31.984, 2023/03/01 14:57:23
 1   34.184, 2023/03/01 14:57:26
 1   36.200, 2023/03/01 14:57:28
 1   38.088, 2023/03/01 14:57:30
 1   40.048, 2023/03/01 14:57:32
 1   42.152, 2023/03/01 14:57:34
 1   44.224, 2023/03/01 14:57:36
 1   46.208, 2023/03/01 14:57:38
 1   48.240, 2023/03/01 14:57:40
 1   50.224, 2023/03/01 14:57:42
 1   52.104, 2023/03/01 14:57:44
 1   54.112, 2023/03/01 14:57:46
 1   56.232, 2023/03/01 14:57:48
 1   58.320, 2023/03/01 14:57:50
 1   60.144, 2023/03/01 14:57:52
 3    0.240, 2023/03/01 14:56:52
 3    0.256, 2023/03/01 14:56:52
 3    2.008, 2023/03/01 14:56:54
 3    2.024, 2023/03/01 14:56:54
 3    3.728, 2023/03/01 14:56:55
 3    5.408, 2023/03/01 14:56:57
 3    5.424, 2023/03/01 14:56:57
 3    7.064, 2023/03/01 14:56:59
 3    7.080, 2023/03/01 14:56:59
 3    8.736, 2023/03/01 14:57:00
 3    8.752, 2023/03/01 14:57:00
 3   10.432, 2023/03/01 14:57:02
 3   12.080, 2023/03/01 14:57:04
 3   12.096, 2023/03/01 14:57:04
 3   13.816, 2023/03/01 14:57:05
 3   15.504, 2023/03/01 14:57:07
 3   17.152, 2023/03/01 14:57:09
 3   17.168, 2023/03/01 14:57:09
 3   18.800, 2023/03/01 14:57:10
 3   20.448, 2023/03/01 14:57:12
 3   22.160, 2023/03/01 14:57:14
 3   22.176, 2023/03/01 14:57:14
 3   23.920, 2023/03/01 14:57:15
 3   25.680, 2023/03/01 14:57:17
 3   25.696, 2023/03/01 14:57:17
 3   27.456, 2023/03/01 14:57:19
 3   27.472, 2023/03/01 14:57:19
 3   29.216, 2023/03/01 14:57:21
 3   29.232, 2023/03/01 14:57:21
 3   30.984, 2023/03/01 14:57:22
 3   32.752, 2023/03/01 14:57:24
 3   34.496, 2023/03/01 14:57:26
 3   34.512, 2023/03/01 14:57:26
 3   36.288, 2023/03/01 14:57:28
 3   36.304, 2023/03/01 14:57:28
 3   38.128, 2023/03/01 14:57:30
 3   38.144, 2023/03/01 14:57:30
 3   40.040, 2023/03/01 14:57:32
 3   40.056, 2023/03/01 14:57:32
 3   41.928, 2023/03/01 14:57:33
 3   41.944, 2023/03/01 14:57:33
 3   43.776, 2023/03/01 14:57:35
 3   45.584, 2023/03/01 14:57:37
 3   45.600, 2023/03/01 14:57:37
 3   47.344, 2023/03/01 14:57:39
 3   47.360, 2023/03/01 14:57:39
 3   49.144, 2023/03/01 14:57:41
 3   50.968, 2023/03/01 14:57:42
 3   50.984, 2023/03/01 14:57:42
 3   52.800, 2023/03/01 14:57:44
 3   52.816, 2023/03/01 14:57:44
 3   54.560, 2023/03/01 14:57:46
 3   56.320, 2023/03/01 14:57:48
 3   56.336, 2023/03/01 14:57:48
 3   58.168, 2023/03/01 14:57:50
 3   58.184, 2023/03/01 14:57:50
 3   60.224, 2023/03/01 14:57:52
 5    4.488, 2023/03/01 14:56:56
 5    4.640, 2023/03/01 14:56:56
 5   27.880, 2023/03/01 14:57:19
 5   28.072, 2023/03/01 14:57:20
 5   42.320, 2023/03/01 14:57:34
 5   42.424, 2023/03/01 14:57:34
 5   52.872, 2023/03/01 14:57:44
 5   52.976, 2023/03/01 14:57:44
 6    3.480, 2023/03/01 14:56:55
 6    9.720, 2023/03/01 14:57:01
 6   16.496, 2023/03/01 14:57:08
 6   23.112, 2023/03/01 14:57:15
 6   30.384, 2023/03/01 14:57:22
 6   38.056, 2023/03/01 14:57:30
 6   45.648, 2023/03/01 14:57:37
 6   54.272, 2023/03/01 14:57:46
 7    0.424, 2023/03/01 14:56:52
 7    9.360, 2023/03/01 14:57:01
 7   15.880, 2023/03/01 14:57:07
 7   21.632, 2023/03/01 14:57:13
 7   27.904, 2023/03/01 14:57:19
 7   30.232, 2023/03/01 14:57:22
 7   33.568, 2023/03/01 14:57:25
 7   39.344, 2023/03/01 14:57:31
 7   44.904, 2023/03/01 14:57:36
 7   59.424, 2023/03/01 14:57:51
