USDA-ARS Manhattan, KS    Feb/2023   Rust/Brabec  Flight Mill Collater  1.01
File name: C:\Users\nicholas.sixbury\Desktop\Samples\FlightMill Data\db-03-01-5min no comp.csv   Process data 2023/03/02 14:48:44
Chan  1    204
Chan  2      0
Chan  3    521
Chan  4      0
Chan  5     76
Chan  6     65
Chan  7     75
Chan  8      0
 1    1.440, 2023/03/01 16:32:07
 1    2.792, 2023/03/01 16:32:08
 1    4.120, 2023/03/01 16:32:10
 1    5.404, 2023/03/01 16:32:11
 1    6.776, 2023/03/01 16:32:12
 1    8.300, 2023/03/01 16:32:14
 1    9.912, 2023/03/01 16:32:15
 1   11.676, 2023/03/01 16:32:17
 1   13.280, 2023/03/01 16:32:19
 1   14.860, 2023/03/01 16:32:20
 1   16.416, 2023/03/01 16:32:22
 1   17.936, 2023/03/01 16:32:23
 1   19.428, 2023/03/01 16:32:25
 1   20.812, 2023/03/01 16:32:26
 1   22.064, 2023/03/01 16:32:28
 1   23.280, 2023/03/01 16:32:29
 1   24.588, 2023/03/01 16:32:30
 1   25.968, 2023/03/01 16:32:31
 1   27.428, 2023/03/01 16:32:33
 1   28.920, 2023/03/01 16:32:34
 1   30.292, 2023/03/01 16:32:36
 1   31.652, 2023/03/01 16:32:37
 1   33.020, 2023/03/01 16:32:39
 1   34.412, 2023/03/01 16:32:40
 1   35.792, 2023/03/01 16:32:41
 1   37.088, 2023/03/01 16:32:43
 1   38.348, 2023/03/01 16:32:44
 1   39.704, 2023/03/01 16:32:45
 1   41.212, 2023/03/01 16:32:47
 1   42.864, 2023/03/01 16:32:48
 1   44.820, 2023/03/01 16:32:50
 1   46.892, 2023/03/01 16:32:52
 1   48.512, 2023/03/01 16:32:54
 1   49.900, 2023/03/01 16:32:55
 1   51.336, 2023/03/01 16:32:57
 1   52.796, 2023/03/01 16:32:58
 1   54.212, 2023/03/01 16:33:00
 1   55.632, 2023/03/01 16:33:01
 1   56.972, 2023/03/01 16:33:02
 1   58.316, 2023/03/01 16:33:04
 1   59.636, 2023/03/01 16:33:05
 1   61.008, 2023/03/01 16:33:07
 1   62.464, 2023/03/01 16:33:08
 1   63.980, 2023/03/01 16:33:09
 1   65.516, 2023/03/01 16:33:11
 1   67.080, 2023/03/01 16:33:13
 1   68.700, 2023/03/01 16:33:14
 1   70.136, 2023/03/01 16:33:16
 1   71.388, 2023/03/01 16:33:17
 1   72.576, 2023/03/01 16:33:18
 1   73.792, 2023/03/01 16:33:19
 1   75.056, 2023/03/01 16:33:21
 1   76.376, 2023/03/01 16:33:22
 1   77.772, 2023/03/01 16:33:23
 1   79.300, 2023/03/01 16:33:25
 1   80.944, 2023/03/01 16:33:26
 1   82.748, 2023/03/01 16:33:28
 1   84.404, 2023/03/01 16:33:30
 1   85.720, 2023/03/01 16:33:31
 1   86.984, 2023/03/01 16:33:32
 1   88.344, 2023/03/01 16:33:34
 1   89.748, 2023/03/01 16:33:35
 1   91.224, 2023/03/01 16:33:37
 1   92.508, 2023/03/01 16:33:38
 1   93.588, 2023/03/01 16:33:39
 1   94.704, 2023/03/01 16:33:40
 1   95.812, 2023/03/01 16:33:41
 1   96.908, 2023/03/01 16:33:42
 1   98.028, 2023/03/01 16:33:44
 1   99.220, 2023/03/01 16:33:45
 1  100.588, 2023/03/01 16:33:46
 1  102.144, 2023/03/01 16:33:48
 1  103.768, 2023/03/01 16:33:49
 1  105.340, 2023/03/01 16:33:51
 1  106.764, 2023/03/01 16:33:52
 1  108.236, 2023/03/01 16:33:54
 1  109.784, 2023/03/01 16:33:55
 1  111.424, 2023/03/01 16:33:57
 1  113.244, 2023/03/01 16:33:59
 1  115.276, 2023/03/01 16:34:01
 1  117.240, 2023/03/01 16:34:03
 1  118.940, 2023/03/01 16:34:04
 1  120.416, 2023/03/01 16:34:06
 1  121.668, 2023/03/01 16:34:07
 1  122.860, 2023/03/01 16:34:08
 1  123.972, 2023/03/01 16:34:09
 1  125.112, 2023/03/01 16:34:11
 1  126.288, 2023/03/01 16:34:12
 1  127.604, 2023/03/01 16:34:13
 1  129.136, 2023/03/01 16:34:15
 1  130.752, 2023/03/01 16:34:16
 1  132.280, 2023/03/01 16:34:18
 1  133.772, 2023/03/01 16:34:19
 1  135.360, 2023/03/01 16:34:21
 1  137.164, 2023/03/01 16:34:23
 1  139.152, 2023/03/01 16:34:25
 1  141.092, 2023/03/01 16:34:27
 1  143.096, 2023/03/01 16:34:29
 1  144.940, 2023/03/01 16:34:30
 1  146.760, 2023/03/01 16:34:32
 1  148.720, 2023/03/01 16:34:34
 1  150.864, 2023/03/01 16:34:36
 1  153.164, 2023/03/01 16:34:39
 1  155.532, 2023/03/01 16:34:41
 1  157.824, 2023/03/01 16:34:43
 1  159.348, 2023/03/01 16:34:45
 1  160.708, 2023/03/01 16:34:46
 1  162.112, 2023/03/01 16:34:48
 1  163.588, 2023/03/01 16:34:49
 1  165.204, 2023/03/01 16:34:51
 1  166.940, 2023/03/01 16:34:52
 1  168.592, 2023/03/01 16:34:54
 1  169.976, 2023/03/01 16:34:55
 1  171.220, 2023/03/01 16:34:57
 1  172.444, 2023/03/01 16:34:58
 1  173.592, 2023/03/01 16:34:59
 1  174.728, 2023/03/01 16:35:00
 1  175.964, 2023/03/01 16:35:01
 1  177.332, 2023/03/01 16:35:03
 1  178.844, 2023/03/01 16:35:04
 1  180.200, 2023/03/01 16:35:06
 1  181.308, 2023/03/01 16:35:07
 1  182.412, 2023/03/01 16:35:08
 1  183.580, 2023/03/01 16:35:09
 1  184.780, 2023/03/01 16:35:10
 1  186.008, 2023/03/01 16:35:12
 1  187.224, 2023/03/01 16:35:13
 1  188.392, 2023/03/01 16:35:14
 1  189.660, 2023/03/01 16:35:15
 1  190.948, 2023/03/01 16:35:16
 1  192.244, 2023/03/01 16:35:18
 1  193.592, 2023/03/01 16:35:19
 1  194.972, 2023/03/01 16:35:20
 1  196.456, 2023/03/01 16:35:22
 1  198.096, 2023/03/01 16:35:24
 1  199.876, 2023/03/01 16:35:25
 1  201.712, 2023/03/01 16:35:27
 1  203.468, 2023/03/01 16:35:29
 1  205.092, 2023/03/01 16:35:31
 1  206.752, 2023/03/01 16:35:32
 1  208.436, 2023/03/01 16:35:34
 1  210.012, 2023/03/01 16:35:36
 1  211.640, 2023/03/01 16:35:37
 1  213.348, 2023/03/01 16:35:39
 1  214.868, 2023/03/01 16:35:40
 1  216.200, 2023/03/01 16:35:42
 1  217.468, 2023/03/01 16:35:43
 1  218.784, 2023/03/01 16:35:44
 1  220.156, 2023/03/01 16:35:46
 1  221.556, 2023/03/01 16:35:47
 1  222.840, 2023/03/01 16:35:48
 1  224.088, 2023/03/01 16:35:50
 1  225.400, 2023/03/01 16:35:51
 1  226.876, 2023/03/01 16:35:52
 1  228.496, 2023/03/01 16:35:54
 1  230.176, 2023/03/01 16:35:56
 1  231.860, 2023/03/01 16:35:57
 1  233.176, 2023/03/01 16:35:59
 1  234.372, 2023/03/01 16:36:00
 1  235.500, 2023/03/01 16:36:01
 1  236.560, 2023/03/01 16:36:02
 1  237.668, 2023/03/01 16:36:03
 1  238.824, 2023/03/01 16:36:04
 1  240.080, 2023/03/01 16:36:06
 1  241.424, 2023/03/01 16:36:07
 1  242.864, 2023/03/01 16:36:08
 1  244.472, 2023/03/01 16:36:10
 1  246.068, 2023/03/01 16:36:12
 1  247.656, 2023/03/01 16:36:13
 1  249.140, 2023/03/01 16:36:15
 1  250.472, 2023/03/01 16:36:16
 1  251.848, 2023/03/01 16:36:17
 1  253.332, 2023/03/01 16:36:19
 1  254.832, 2023/03/01 16:36:20
 1  256.328, 2023/03/01 16:36:22
 1  257.744, 2023/03/01 16:36:23
 1  259.032, 2023/03/01 16:36:25
 1  260.372, 2023/03/01 16:36:26
 1  261.848, 2023/03/01 16:36:27
 1  263.476, 2023/03/01 16:36:29
 1  265.332, 2023/03/01 16:36:31
 1  267.356, 2023/03/01 16:36:33
 1  269.296, 2023/03/01 16:36:35
 1  270.812, 2023/03/01 16:36:36
 1  272.268, 2023/03/01 16:36:38
 1  273.696, 2023/03/01 16:36:39
 1  275.216, 2023/03/01 16:36:41
 1  276.788, 2023/03/01 16:36:42
 1  278.344, 2023/03/01 16:36:44
 1  280.028, 2023/03/01 16:36:46
 1  281.884, 2023/03/01 16:36:47
 1  283.812, 2023/03/01 16:36:49
 1  285.776, 2023/03/01 16:36:51
 1  287.496, 2023/03/01 16:36:53
 1  288.944, 2023/03/01 16:36:54
 1  290.296, 2023/03/01 16:36:56
 1  291.624, 2023/03/01 16:36:57
 1  292.812, 2023/03/01 16:36:58
 1  293.880, 2023/03/01 16:36:59
 1  294.980, 2023/03/01 16:37:00
 1  296.124, 2023/03/01 16:37:02
 1  297.372, 2023/03/01 16:37:03
 1  298.636, 2023/03/01 16:37:04
 1  299.924, 2023/03/01 16:37:05
 3    0.900, 2023/03/01 16:32:06
 3    0.908, 2023/03/01 16:32:06
 3    2.020, 2023/03/01 16:32:08
 3    2.028, 2023/03/01 16:32:08
 3    3.132, 2023/03/01 16:32:09
 3    3.140, 2023/03/01 16:32:09
 3    4.244, 2023/03/01 16:32:10
 3    4.252, 2023/03/01 16:32:10
 3    5.364, 2023/03/01 16:32:11
 3    5.372, 2023/03/01 16:32:11
 3    6.476, 2023/03/01 16:32:12
 3    6.484, 2023/03/01 16:32:12
 3    7.580, 2023/03/01 16:32:13
 3    7.588, 2023/03/01 16:32:13
 3    8.736, 2023/03/01 16:32:14
 3    8.744, 2023/03/01 16:32:14
 3    9.960, 2023/03/01 16:32:15
 3    9.972, 2023/03/01 16:32:15
 3   11.220, 2023/03/01 16:32:17
 3   11.228, 2023/03/01 16:32:17
 3   12.476, 2023/03/01 16:32:18
 3   12.484, 2023/03/01 16:32:18
 3   13.736, 2023/03/01 16:32:19
 3   13.748, 2023/03/01 16:32:19
 3   15.008, 2023/03/01 16:32:21
 3   15.016, 2023/03/01 16:32:21
 3   16.292, 2023/03/01 16:32:22
 3   16.304, 2023/03/01 16:32:22
 3   17.520, 2023/03/01 16:32:23
 3   17.528, 2023/03/01 16:32:23
 3   18.712, 2023/03/01 16:32:24
 3   18.720, 2023/03/01 16:32:24
 3   19.892, 2023/03/01 16:32:25
 3   19.900, 2023/03/01 16:32:25
 3   21.060, 2023/03/01 16:32:27
 3   21.068, 2023/03/01 16:32:27
 3   22.212, 2023/03/01 16:32:28
 3   22.220, 2023/03/01 16:32:28
 3   23.352, 2023/03/01 16:32:29
 3   23.364, 2023/03/01 16:32:29
 3   24.464, 2023/03/01 16:32:30
 3   24.472, 2023/03/01 16:32:30
 3   25.584, 2023/03/01 16:32:31
 3   25.592, 2023/03/01 16:32:31
 3   26.712, 2023/03/01 16:32:32
 3   26.720, 2023/03/01 16:32:32
 3   27.884, 2023/03/01 16:32:33
 3   27.896, 2023/03/01 16:32:33
 3   29.088, 2023/03/01 16:32:35
 3   29.096, 2023/03/01 16:32:35
 3   30.328, 2023/03/01 16:32:36
 3   30.340, 2023/03/01 16:32:36
 3   31.508, 2023/03/01 16:32:37
 3   31.516, 2023/03/01 16:32:37
 3   32.628, 2023/03/01 16:32:38
 3   32.640, 2023/03/01 16:32:38
 3   33.744, 2023/03/01 16:32:39
 3   33.752, 2023/03/01 16:32:39
 3   34.884, 2023/03/01 16:32:40
 3   34.892, 2023/03/01 16:32:40
 3   36.004, 2023/03/01 16:32:42
 3   36.012, 2023/03/01 16:32:42
 3   37.156, 2023/03/01 16:32:43
 3   37.168, 2023/03/01 16:32:43
 3   38.348, 2023/03/01 16:32:44
 3   38.360, 2023/03/01 16:32:44
 3   39.548, 2023/03/01 16:32:45
 3   39.560, 2023/03/01 16:32:45
 3   40.748, 2023/03/01 16:32:46
 3   40.760, 2023/03/01 16:32:46
 3   41.932, 2023/03/01 16:32:47
 3   41.940, 2023/03/01 16:32:47
 3   43.112, 2023/03/01 16:32:49
 3   43.124, 2023/03/01 16:32:49
 3   44.284, 2023/03/01 16:32:50
 3   44.296, 2023/03/01 16:32:50
 3   45.460, 2023/03/01 16:32:51
 3   45.468, 2023/03/01 16:32:51
 3   46.596, 2023/03/01 16:32:52
 3   46.604, 2023/03/01 16:32:52
 3   47.696, 2023/03/01 16:32:53
 3   47.708, 2023/03/01 16:32:53
 3   48.796, 2023/03/01 16:32:54
 3   48.804, 2023/03/01 16:32:54
 3   49.928, 2023/03/01 16:32:55
 3   49.936, 2023/03/01 16:32:55
 3   51.088, 2023/03/01 16:32:57
 3   51.096, 2023/03/01 16:32:57
 3   52.284, 2023/03/01 16:32:58
 3   52.292, 2023/03/01 16:32:58
 3   53.516, 2023/03/01 16:32:59
 3   53.528, 2023/03/01 16:32:59
 3   54.776, 2023/03/01 16:33:00
 3   54.788, 2023/03/01 16:33:00
 3   56.084, 2023/03/01 16:33:02
 3   56.096, 2023/03/01 16:33:02
 3   57.448, 2023/03/01 16:33:03
 3   57.460, 2023/03/01 16:33:03
 3   58.856, 2023/03/01 16:33:04
 3   58.868, 2023/03/01 16:33:04
 3   60.244, 2023/03/01 16:33:06
 3   60.252, 2023/03/01 16:33:06
 3   61.512, 2023/03/01 16:33:07
 3   61.524, 2023/03/01 16:33:07
 3   62.708, 2023/03/01 16:33:08
 3   62.716, 2023/03/01 16:33:08
 3   63.844, 2023/03/01 16:33:09
 3   63.852, 2023/03/01 16:33:09
 3   64.984, 2023/03/01 16:33:10
 3   64.992, 2023/03/01 16:33:10
 3   66.148, 2023/03/01 16:33:12
 3   66.156, 2023/03/01 16:33:12
 3   67.336, 2023/03/01 16:33:13
 3   67.344, 2023/03/01 16:33:13
 3   68.492, 2023/03/01 16:33:14
 3   68.500, 2023/03/01 16:33:14
 3   69.612, 2023/03/01 16:33:15
 3   69.624, 2023/03/01 16:33:15
 3   70.696, 2023/03/01 16:33:16
 3   70.704, 2023/03/01 16:33:16
 3   71.764, 2023/03/01 16:33:17
 3   71.772, 2023/03/01 16:33:17
 3   72.820, 2023/03/01 16:33:18
 3   72.828, 2023/03/01 16:33:18
 3   73.872, 2023/03/01 16:33:19
 3   73.880, 2023/03/01 16:33:19
 3   74.940, 2023/03/01 16:33:20
 3   74.952, 2023/03/01 16:33:20
 3   76.044, 2023/03/01 16:33:22
 3   76.052, 2023/03/01 16:33:22
 3   77.184, 2023/03/01 16:33:23
 3   77.192, 2023/03/01 16:33:23
 3   78.316, 2023/03/01 16:33:24
 3   78.324, 2023/03/01 16:33:24
 3   79.476, 2023/03/01 16:33:25
 3   79.488, 2023/03/01 16:33:25
 3   80.628, 2023/03/01 16:33:26
 3   80.636, 2023/03/01 16:33:26
 3   81.716, 2023/03/01 16:33:27
 3   81.724, 2023/03/01 16:33:27
 3   82.784, 2023/03/01 16:33:28
 3   82.792, 2023/03/01 16:33:28
 3   83.848, 2023/03/01 16:33:29
 3   83.856, 2023/03/01 16:33:29
 3   84.924, 2023/03/01 16:33:30
 3   84.932, 2023/03/01 16:33:30
 3   86.020, 2023/03/01 16:33:32
 3   86.028, 2023/03/01 16:33:32
 3   87.120, 2023/03/01 16:33:33
 3   87.128, 2023/03/01 16:33:33
 3   88.212, 2023/03/01 16:33:34
 3   88.220, 2023/03/01 16:33:34
 3   89.228, 2023/03/01 16:33:35
 3   89.236, 2023/03/01 16:33:35
 3   90.216, 2023/03/01 16:33:36
 3   90.224, 2023/03/01 16:33:36
 3   91.188, 2023/03/01 16:33:37
 3   91.196, 2023/03/01 16:33:37
 3   92.156, 2023/03/01 16:33:38
 3   92.164, 2023/03/01 16:33:38
 3   93.152, 2023/03/01 16:33:39
 3   93.160, 2023/03/01 16:33:39
 3   94.176, 2023/03/01 16:33:40
 3   94.184, 2023/03/01 16:33:40
 3   95.236, 2023/03/01 16:33:41
 3   95.244, 2023/03/01 16:33:41
 3   96.308, 2023/03/01 16:33:42
 3   97.360, 2023/03/01 16:33:43
 3   97.368, 2023/03/01 16:33:43
 3   98.388, 2023/03/01 16:33:44
 3   98.396, 2023/03/01 16:33:44
 3   99.404, 2023/03/01 16:33:45
 3   99.412, 2023/03/01 16:33:45
 3  100.420, 2023/03/01 16:33:46
 3  100.428, 2023/03/01 16:33:46
 3  101.428, 2023/03/01 16:33:47
 3  101.436, 2023/03/01 16:33:47
 3  102.432, 2023/03/01 16:33:48
 3  102.440, 2023/03/01 16:33:48
 3  103.448, 2023/03/01 16:33:49
 3  103.456, 2023/03/01 16:33:49
 3  104.504, 2023/03/01 16:33:50
 3  104.512, 2023/03/01 16:33:50
 3  105.580, 2023/03/01 16:33:51
 3  105.588, 2023/03/01 16:33:51
 3  106.644, 2023/03/01 16:33:52
 3  106.652, 2023/03/01 16:33:52
 3  107.724, 2023/03/01 16:33:53
 3  107.732, 2023/03/01 16:33:53
 3  108.780, 2023/03/01 16:33:54
 3  108.788, 2023/03/01 16:33:54
 3  109.832, 2023/03/01 16:33:55
 3  109.844, 2023/03/01 16:33:55
 3  110.904, 2023/03/01 16:33:56
 3  110.912, 2023/03/01 16:33:56
 3  111.944, 2023/03/01 16:33:57
 3  111.952, 2023/03/01 16:33:57
 3  112.960, 2023/03/01 16:33:58
 3  112.968, 2023/03/01 16:33:58
 3  113.972, 2023/03/01 16:33:59
 3  113.980, 2023/03/01 16:33:59
 3  115.012, 2023/03/01 16:34:01
 3  115.020, 2023/03/01 16:34:01
 3  116.096, 2023/03/01 16:34:02
 3  116.108, 2023/03/01 16:34:02
 3  117.244, 2023/03/01 16:34:03
 3  117.256, 2023/03/01 16:34:03
 3  118.460, 2023/03/01 16:34:04
 3  118.472, 2023/03/01 16:34:04
 3  119.704, 2023/03/01 16:34:05
 3  119.712, 2023/03/01 16:34:05
 3  120.960, 2023/03/01 16:34:06
 3  120.972, 2023/03/01 16:34:06
 3  122.272, 2023/03/01 16:34:08
 3  122.284, 2023/03/01 16:34:08
 3  123.632, 2023/03/01 16:34:09
 3  123.640, 2023/03/01 16:34:09
 3  124.964, 2023/03/01 16:34:10
 3  124.972, 2023/03/01 16:34:10
 3  126.200, 2023/03/01 16:34:12
 3  126.208, 2023/03/01 16:34:12
 3  127.420, 2023/03/01 16:34:13
 3  127.432, 2023/03/01 16:34:13
 3  128.648, 2023/03/01 16:34:14
 3  128.660, 2023/03/01 16:34:14
 3  129.892, 2023/03/01 16:34:15
 3  129.904, 2023/03/01 16:34:15
 3  131.136, 2023/03/01 16:34:17
 3  131.144, 2023/03/01 16:34:17
 3  132.428, 2023/03/01 16:34:18
 3  132.436, 2023/03/01 16:34:18
 3  133.832, 2023/03/01 16:34:19
 3  133.844, 2023/03/01 16:34:19
 3  135.228, 2023/03/01 16:34:21
 3  135.240, 2023/03/01 16:34:21
 3  136.508, 2023/03/01 16:34:22
 3  136.520, 2023/03/01 16:34:22
 3  137.696, 2023/03/01 16:34:23
 3  137.708, 2023/03/01 16:34:23
 3  138.852, 2023/03/01 16:34:24
 3  138.860, 2023/03/01 16:34:24
 3  140.000, 2023/03/01 16:34:26
 3  140.012, 2023/03/01 16:34:26
 3  141.148, 2023/03/01 16:34:27
 3  141.156, 2023/03/01 16:34:27
 3  142.300, 2023/03/01 16:34:28
 3  142.308, 2023/03/01 16:34:28
 3  143.504, 2023/03/01 16:34:29
 3  143.512, 2023/03/01 16:34:29
 3  144.772, 2023/03/01 16:34:30
 3  144.780, 2023/03/01 16:34:30
 3  146.004, 2023/03/01 16:34:32
 3  146.012, 2023/03/01 16:34:32
 3  147.120, 2023/03/01 16:34:33
 3  147.128, 2023/03/01 16:34:33
 3  148.200, 2023/03/01 16:34:34
 3  148.212, 2023/03/01 16:34:34
 3  149.292, 2023/03/01 16:34:35
 3  149.304, 2023/03/01 16:34:35
 3  150.384, 2023/03/01 16:34:36
 3  150.392, 2023/03/01 16:34:36
 3  151.448, 2023/03/01 16:34:37
 3  151.460, 2023/03/01 16:34:37
 3  152.480, 2023/03/01 16:34:38
 3  152.488, 2023/03/01 16:34:38
 3  153.488, 2023/03/01 16:34:39
 3  153.496, 2023/03/01 16:34:39
 3  154.516, 2023/03/01 16:34:40
 3  154.524, 2023/03/01 16:34:40
 3  155.544, 2023/03/01 16:34:41
 3  155.552, 2023/03/01 16:34:41
 3  156.572, 2023/03/01 16:34:42
 3  156.580, 2023/03/01 16:34:42
 3  157.632, 2023/03/01 16:34:43
 3  157.640, 2023/03/01 16:34:43
 3  158.724, 2023/03/01 16:34:44
 3  158.732, 2023/03/01 16:34:44
 3  159.808, 2023/03/01 16:34:45
 3  159.820, 2023/03/01 16:34:45
 3  160.912, 2023/03/01 16:34:46
 3  160.920, 2023/03/01 16:34:46
 3  162.016, 2023/03/01 16:34:48
 3  162.024, 2023/03/01 16:34:48
 3  163.128, 2023/03/01 16:34:49
 3  163.136, 2023/03/01 16:34:49
 3  164.256, 2023/03/01 16:34:50
 3  164.264, 2023/03/01 16:34:50
 3  165.376, 2023/03/01 16:34:51
 3  165.384, 2023/03/01 16:34:51
 3  166.456, 2023/03/01 16:34:52
 3  166.464, 2023/03/01 16:34:52
 3  167.540, 2023/03/01 16:34:53
 3  168.620, 2023/03/01 16:34:54
 3  168.632, 2023/03/01 16:34:54
 3  169.744, 2023/03/01 16:34:55
 3  169.752, 2023/03/01 16:34:55
 3  170.872, 2023/03/01 16:34:56
 3  170.884, 2023/03/01 16:34:56
 3  172.056, 2023/03/01 16:34:58
 3  172.068, 2023/03/01 16:34:58
 3  173.260, 2023/03/01 16:34:59
 3  173.272, 2023/03/01 16:34:59
 3  174.476, 2023/03/01 16:35:00
 3  174.488, 2023/03/01 16:35:00
 3  175.668, 2023/03/01 16:35:01
 3  175.676, 2023/03/01 16:35:01
 3  176.768, 2023/03/01 16:35:02
 3  176.780, 2023/03/01 16:35:02
 3  177.860, 2023/03/01 16:35:03
 3  178.960, 2023/03/01 16:35:04
 3  178.972, 2023/03/01 16:35:04
 3  180.080, 2023/03/01 16:35:06
 3  180.088, 2023/03/01 16:35:06
 3  181.192, 2023/03/01 16:35:07
 3  181.204, 2023/03/01 16:35:07
 3  182.284, 2023/03/01 16:35:08
 3  182.292, 2023/03/01 16:35:08
 3  183.360, 2023/03/01 16:35:09
 3  183.368, 2023/03/01 16:35:09
 3  184.448, 2023/03/01 16:35:10
 3  184.456, 2023/03/01 16:35:10
 3  185.556, 2023/03/01 16:35:11
 3  185.564, 2023/03/01 16:35:11
 3  186.648, 2023/03/01 16:35:12
 3  186.656, 2023/03/01 16:35:12
 3  187.752, 2023/03/01 16:35:13
 3  187.760, 2023/03/01 16:35:13
 3  188.832, 2023/03/01 16:35:14
 3  188.840, 2023/03/01 16:35:14
 3  189.916, 2023/03/01 16:35:15
 3  189.924, 2023/03/01 16:35:15
 3  191.008, 2023/03/01 16:35:17
 3  191.020, 2023/03/01 16:35:17
 3  192.092, 2023/03/01 16:35:18
 3  192.100, 2023/03/01 16:35:18
 3  193.168, 2023/03/01 16:35:19
 3  193.176, 2023/03/01 16:35:19
 3  194.256, 2023/03/01 16:35:20
 3  194.264, 2023/03/01 16:35:20
 3  195.392, 2023/03/01 16:35:21
 3  195.400, 2023/03/01 16:35:21
 3  196.564, 2023/03/01 16:35:22
 3  196.572, 2023/03/01 16:35:22
 3  197.792, 2023/03/01 16:35:23
 3  197.804, 2023/03/01 16:35:23
 3  199.000, 2023/03/01 16:35:25
 3  199.012, 2023/03/01 16:35:25
 3  200.148, 2023/03/01 16:35:26
 3  200.156, 2023/03/01 16:35:26
 3  201.212, 2023/03/01 16:35:27
 3  201.224, 2023/03/01 16:35:27
 3  202.288, 2023/03/01 16:35:28
 3  202.296, 2023/03/01 16:35:28
 3  203.388, 2023/03/01 16:35:29
 3  203.396, 2023/03/01 16:35:29
 3  204.504, 2023/03/01 16:35:30
 3  204.516, 2023/03/01 16:35:30
 3  205.640, 2023/03/01 16:35:31
 3  205.652, 2023/03/01 16:35:31
 3  206.776, 2023/03/01 16:35:32
 3  206.788, 2023/03/01 16:35:32
 3  207.864, 2023/03/01 16:35:33
 3  207.872, 2023/03/01 16:35:33
 3  208.952, 2023/03/01 16:35:34
 3  208.964, 2023/03/01 16:35:34
 3  210.044, 2023/03/01 16:35:36
 3  210.052, 2023/03/01 16:35:36
 3  211.144, 2023/03/01 16:35:37
 3  212.236, 2023/03/01 16:35:38
 3  212.244, 2023/03/01 16:35:38
 3  213.328, 2023/03/01 16:35:39
 3  213.336, 2023/03/01 16:35:39
 3  214.420, 2023/03/01 16:35:40
 3  214.428, 2023/03/01 16:35:40
 3  215.500, 2023/03/01 16:35:41
 3  215.508, 2023/03/01 16:35:41
 3  216.584, 2023/03/01 16:35:42
 3  216.592, 2023/03/01 16:35:42
 3  217.648, 2023/03/01 16:35:43
 3  217.660, 2023/03/01 16:35:43
 3  218.712, 2023/03/01 16:35:44
 3  218.720, 2023/03/01 16:35:44
 3  219.800, 2023/03/01 16:35:45
 3  219.812, 2023/03/01 16:35:45
 3  220.900, 2023/03/01 16:35:46
 3  220.908, 2023/03/01 16:35:46
 3  222.028, 2023/03/01 16:35:48
 3  222.036, 2023/03/01 16:35:48
 3  223.212, 2023/03/01 16:35:49
 3  223.220, 2023/03/01 16:35:49
 3  224.404, 2023/03/01 16:35:50
 3  224.412, 2023/03/01 16:35:50
 3  225.564, 2023/03/01 16:35:51
 3  225.576, 2023/03/01 16:35:51
 3  226.684, 2023/03/01 16:35:52
 3  226.692, 2023/03/01 16:35:52
 3  227.796, 2023/03/01 16:35:53
 3  227.804, 2023/03/01 16:35:53
 3  228.908, 2023/03/01 16:35:54
 3  228.916, 2023/03/01 16:35:54
 3  229.992, 2023/03/01 16:35:55
 3  230.000, 2023/03/01 16:35:56
 3  231.024, 2023/03/01 16:35:57
 3  231.032, 2023/03/01 16:35:57
 3  232.088, 2023/03/01 16:35:58
 3  232.100, 2023/03/01 16:35:58
 3  233.204, 2023/03/01 16:35:59
 3  233.212, 2023/03/01 16:35:59
 3  234.376, 2023/03/01 16:36:00
 3  234.388, 2023/03/01 16:36:00
 3  235.648, 2023/03/01 16:36:01
 3  235.660, 2023/03/01 16:36:01
 3  237.016, 2023/03/01 16:36:03
 3  237.024, 2023/03/01 16:36:03
 3  238.384, 2023/03/01 16:36:04
 3  238.396, 2023/03/01 16:36:04
 3  239.672, 2023/03/01 16:36:05
 3  239.684, 2023/03/01 16:36:05
 3  240.868, 2023/03/01 16:36:06
 3  240.876, 2023/03/01 16:36:06
 3  241.948, 2023/03/01 16:36:07
 3  241.956, 2023/03/01 16:36:07
 3  242.984, 2023/03/01 16:36:08
 3  242.992, 2023/03/01 16:36:08
 3  244.020, 2023/03/01 16:36:10
 3  245.028, 2023/03/01 16:36:11
 3  245.036, 2023/03/01 16:36:11
 3  246.036, 2023/03/01 16:36:12
 3  246.044, 2023/03/01 16:36:12
 3  247.048, 2023/03/01 16:36:13
 3  247.056, 2023/03/01 16:36:13
 3  248.048, 2023/03/01 16:36:14
 3  248.056, 2023/03/01 16:36:14
 3  249.060, 2023/03/01 16:36:15
 3  249.068, 2023/03/01 16:36:15
 3  250.080, 2023/03/01 16:36:16
 3  250.088, 2023/03/01 16:36:16
 3  251.132, 2023/03/01 16:36:17
 3  251.140, 2023/03/01 16:36:17
 3  252.228, 2023/03/01 16:36:18
 3  252.240, 2023/03/01 16:36:18
 3  253.308, 2023/03/01 16:36:19
 3  254.372, 2023/03/01 16:36:20
 3  254.380, 2023/03/01 16:36:20
 3  255.496, 2023/03/01 16:36:21
 3  255.504, 2023/03/01 16:36:21
 3  256.632, 2023/03/01 16:36:22
 3  256.640, 2023/03/01 16:36:22
 3  257.752, 2023/03/01 16:36:23
 3  258.792, 2023/03/01 16:36:24
 3  258.800, 2023/03/01 16:36:24
 3  259.832, 2023/03/01 16:36:25
 3  260.832, 2023/03/01 16:36:26
 3  260.840, 2023/03/01 16:36:26
 3  261.836, 2023/03/01 16:36:27
 3  261.844, 2023/03/01 16:36:27
 3  262.812, 2023/03/01 16:36:28
 3  262.820, 2023/03/01 16:36:28
 3  263.852, 2023/03/01 16:36:29
 3  264.920, 2023/03/01 16:36:30
 3  264.932, 2023/03/01 16:36:30
 3  266.060, 2023/03/01 16:36:32
 3  266.068, 2023/03/01 16:36:32
 3  267.224, 2023/03/01 16:36:33
 3  267.236, 2023/03/01 16:36:33
 3  268.444, 2023/03/01 16:36:34
 3  268.452, 2023/03/01 16:36:34
 3  269.672, 2023/03/01 16:36:35
 3  269.680, 2023/03/01 16:36:35
 3  270.876, 2023/03/01 16:36:36
 3  270.884, 2023/03/01 16:36:36
 3  272.068, 2023/03/01 16:36:38
 3  272.080, 2023/03/01 16:36:38
 3  273.236, 2023/03/01 16:36:39
 3  273.244, 2023/03/01 16:36:39
 3  274.400, 2023/03/01 16:36:40
 3  274.412, 2023/03/01 16:36:40
 3  275.596, 2023/03/01 16:36:41
 3  275.604, 2023/03/01 16:36:41
 3  276.760, 2023/03/01 16:36:42
 3  276.768, 2023/03/01 16:36:42
 3  277.928, 2023/03/01 16:36:43
 3  277.940, 2023/03/01 16:36:43
 3  279.116, 2023/03/01 16:36:45
 3  279.124, 2023/03/01 16:36:45
 3  280.344, 2023/03/01 16:36:46
 3  280.356, 2023/03/01 16:36:46
 3  281.576, 2023/03/01 16:36:47
 3  281.588, 2023/03/01 16:36:47
 3  282.768, 2023/03/01 16:36:48
 3  282.776, 2023/03/01 16:36:48
 3  283.980, 2023/03/01 16:36:49
 3  283.988, 2023/03/01 16:36:49
 3  285.196, 2023/03/01 16:36:51
 3  285.204, 2023/03/01 16:36:51
 3  286.384, 2023/03/01 16:36:52
 3  286.392, 2023/03/01 16:36:52
 3  287.500, 2023/03/01 16:36:53
 3  287.512, 2023/03/01 16:36:53
 3  288.592, 2023/03/01 16:36:54
 3  288.600, 2023/03/01 16:36:54
 3  289.688, 2023/03/01 16:36:55
 3  289.696, 2023/03/01 16:36:55
 3  290.756, 2023/03/01 16:36:56
 3  290.764, 2023/03/01 16:36:56
 3  291.832, 2023/03/01 16:36:57
 3  291.844, 2023/03/01 16:36:57
 3  292.940, 2023/03/01 16:36:58
 3  292.948, 2023/03/01 16:36:58
 3  294.080, 2023/03/01 16:37:00
 3  294.088, 2023/03/01 16:37:00
 3  295.264, 2023/03/01 16:37:01
 3  295.272, 2023/03/01 16:37:01
 3  296.432, 2023/03/01 16:37:02
 3  296.440, 2023/03/01 16:37:02
 3  297.552, 2023/03/01 16:37:03
 3  297.560, 2023/03/01 16:37:03
 3  298.644, 2023/03/01 16:37:04
 3  298.652, 2023/03/01 16:37:04
 3  299.756, 2023/03/01 16:37:05
 3  299.764, 2023/03/01 16:37:05
 5    0.208, 2023/03/01 16:32:06
 5    0.300, 2023/03/01 16:32:06
 5    7.572, 2023/03/01 16:32:13
 5    7.636, 2023/03/01 16:32:13
 5   16.396, 2023/03/01 16:32:22
 5   16.488, 2023/03/01 16:32:22
 5   24.500, 2023/03/01 16:32:30
 5   24.548, 2023/03/01 16:32:30
 5   31.372, 2023/03/01 16:32:37
 5   31.436, 2023/03/01 16:32:37
 5   38.260, 2023/03/01 16:32:44
 5   38.316, 2023/03/01 16:32:44
 5   46.696, 2023/03/01 16:32:52
 5   46.756, 2023/03/01 16:32:52
 5   56.628, 2023/03/01 16:33:02
 5   56.764, 2023/03/01 16:33:02
 5   66.148, 2023/03/01 16:33:12
 5   66.236, 2023/03/01 16:33:12
 5   73.648, 2023/03/01 16:33:19
 5   73.696, 2023/03/01 16:33:19
 5   79.696, 2023/03/01 16:33:25
 5   79.760, 2023/03/01 16:33:25
 5   87.288, 2023/03/01 16:33:33
 5   87.348, 2023/03/01 16:33:33
 5   93.992, 2023/03/01 16:33:39
 5   94.056, 2023/03/01 16:33:40
 5  100.344, 2023/03/01 16:33:46
 5  100.404, 2023/03/01 16:33:46
 5  106.912, 2023/03/01 16:33:52
 5  106.968, 2023/03/01 16:33:52
 5  114.300, 2023/03/01 16:34:00
 5  114.380, 2023/03/01 16:34:00
 5  122.004, 2023/03/01 16:34:08
 5  122.068, 2023/03/01 16:34:08
 5  130.640, 2023/03/01 16:34:16
 5  130.716, 2023/03/01 16:34:16
 5  140.064, 2023/03/01 16:34:26
 5  140.140, 2023/03/01 16:34:26
 5  148.184, 2023/03/01 16:34:34
 5  148.264, 2023/03/01 16:34:34
 5  158.516, 2023/03/01 16:34:44
 5  158.592, 2023/03/01 16:34:44
 5  166.936, 2023/03/01 16:34:52
 5  167.008, 2023/03/01 16:34:53
 5  174.444, 2023/03/01 16:35:00
 5  174.512, 2023/03/01 16:35:00
 5  184.436, 2023/03/01 16:35:10
 5  184.528, 2023/03/01 16:35:10
 5  193.012, 2023/03/01 16:35:19
 5  193.084, 2023/03/01 16:35:19
 5  204.184, 2023/03/01 16:35:30
 5  204.252, 2023/03/01 16:35:30
 5  210.896, 2023/03/01 16:35:36
 5  210.968, 2023/03/01 16:35:36
 5  221.760, 2023/03/01 16:35:47
 5  221.900, 2023/03/01 16:35:47
 5  230.836, 2023/03/01 16:35:56
 5  230.920, 2023/03/01 16:35:56
 5  237.252, 2023/03/01 16:36:03
 5  237.308, 2023/03/01 16:36:03
 5  242.828, 2023/03/01 16:36:08
 5  242.872, 2023/03/01 16:36:08
 5  250.568, 2023/03/01 16:36:16
 5  250.660, 2023/03/01 16:36:16
 5  259.484, 2023/03/01 16:36:25
 5  259.556, 2023/03/01 16:36:25
 5  267.960, 2023/03/01 16:36:33
 5  268.048, 2023/03/01 16:36:34
 5  275.916, 2023/03/01 16:36:41
 5  275.992, 2023/03/01 16:36:41
 5  283.004, 2023/03/01 16:36:49
 5  283.060, 2023/03/01 16:36:49
 5  288.352, 2023/03/01 16:36:54
 5  288.400, 2023/03/01 16:36:54
 5  293.696, 2023/03/01 16:36:59
 5  293.748, 2023/03/01 16:36:59
 6    1.024, 2023/03/01 16:32:07
 6    3.072, 2023/03/01 16:32:09
 6    4.940, 2023/03/01 16:32:10
 6    7.776, 2023/03/01 16:32:13
 6   12.440, 2023/03/01 16:32:18
 6   15.072, 2023/03/01 16:32:21
 6   27.388, 2023/03/01 16:32:33
 6   35.156, 2023/03/01 16:32:41
 6   44.196, 2023/03/01 16:32:50
 6   49.136, 2023/03/01 16:32:55
 6   52.028, 2023/03/01 16:32:58
 6   55.468, 2023/03/01 16:33:01
 6   58.640, 2023/03/01 16:33:04
 6   65.756, 2023/03/01 16:33:11
 6   72.180, 2023/03/01 16:33:18
 6   77.112, 2023/03/01 16:33:23
 6   82.572, 2023/03/01 16:33:28
 6   87.072, 2023/03/01 16:33:33
 6   90.592, 2023/03/01 16:33:36
 6   94.700, 2023/03/01 16:33:40
 6   98.388, 2023/03/01 16:33:44
 6  102.540, 2023/03/01 16:33:48
 6  110.384, 2023/03/01 16:33:56
 6  116.640, 2023/03/01 16:34:02
 6  118.964, 2023/03/01 16:34:04
 6  122.384, 2023/03/01 16:34:08
 6  126.544, 2023/03/01 16:34:12
 6  132.024, 2023/03/01 16:34:18
 6  137.752, 2023/03/01 16:34:23
 6  143.012, 2023/03/01 16:34:29
 6  145.324, 2023/03/01 16:34:31
 6  148.348, 2023/03/01 16:34:34
 6  152.228, 2023/03/01 16:34:38
 6  156.028, 2023/03/01 16:34:42
 6  163.684, 2023/03/01 16:34:49
 6  170.932, 2023/03/01 16:34:56
 6  176.096, 2023/03/01 16:35:02
 6  181.284, 2023/03/01 16:35:07
 6  186.444, 2023/03/01 16:35:12
 6  189.360, 2023/03/01 16:35:15
 6  192.908, 2023/03/01 16:35:18
 6  197.004, 2023/03/01 16:35:23
 6  201.460, 2023/03/01 16:35:27
 6  204.316, 2023/03/01 16:35:30
 6  207.508, 2023/03/01 16:35:33
 6  212.096, 2023/03/01 16:35:38
 6  215.868, 2023/03/01 16:35:41
 6  218.992, 2023/03/01 16:35:44
 6  225.252, 2023/03/01 16:35:51
 6  229.740, 2023/03/01 16:35:55
 6  233.244, 2023/03/01 16:35:59
 6  235.204, 2023/03/01 16:36:01
 6  236.968, 2023/03/01 16:36:02
 6  239.460, 2023/03/01 16:36:05
 6  242.592, 2023/03/01 16:36:08
 6  248.000, 2023/03/01 16:36:14
 6  253.576, 2023/03/01 16:36:19
 6  259.244, 2023/03/01 16:36:25
 6  263.936, 2023/03/01 16:36:29
 6  268.892, 2023/03/01 16:36:34
 6  271.932, 2023/03/01 16:36:37
 6  275.920, 2023/03/01 16:36:41
 6  285.252, 2023/03/01 16:36:51
 6  294.036, 2023/03/01 16:37:00
 6  297.320, 2023/03/01 16:37:03
 7    0.816, 2023/03/01 16:32:06
 7    4.596, 2023/03/01 16:32:10
 7    8.948, 2023/03/01 16:32:14
 7   19.732, 2023/03/01 16:32:25
 7   22.792, 2023/03/01 16:32:28
 7   24.260, 2023/03/01 16:32:30
 7   25.652, 2023/03/01 16:32:31
 7   27.328, 2023/03/01 16:32:33
 7   29.368, 2023/03/01 16:32:35
 7   30.948, 2023/03/01 16:32:36
 7   32.720, 2023/03/01 16:32:38
 7   34.684, 2023/03/01 16:32:40
 7   36.496, 2023/03/01 16:32:42
 7   38.144, 2023/03/01 16:32:44
 7   40.384, 2023/03/01 16:32:46
 7   42.584, 2023/03/01 16:32:48
 7   45.244, 2023/03/01 16:32:51
 7   46.904, 2023/03/01 16:32:52
 7   48.988, 2023/03/01 16:32:54
 7   51.588, 2023/03/01 16:32:57
 7   53.788, 2023/03/01 16:32:59
 7   56.232, 2023/03/01 16:33:02
 7   66.360, 2023/03/01 16:33:12
 7   70.628, 2023/03/01 16:33:16
 7   76.704, 2023/03/01 16:33:22
 7   79.028, 2023/03/01 16:33:25
 7   86.684, 2023/03/01 16:33:32
 7   89.148, 2023/03/01 16:33:35
 7   92.604, 2023/03/01 16:33:38
 7   94.924, 2023/03/01 16:33:40
 7   98.888, 2023/03/01 16:33:44
 7  102.552, 2023/03/01 16:33:48
 7  116.852, 2023/03/01 16:34:02
 7  119.132, 2023/03/01 16:34:05
 7  122.200, 2023/03/01 16:34:08
 7  125.540, 2023/03/01 16:34:11
 7  127.572, 2023/03/01 16:34:13
 7  131.524, 2023/03/01 16:34:17
 7  134.828, 2023/03/01 16:34:20
 7  139.196, 2023/03/01 16:34:25
 7  143.408, 2023/03/01 16:34:29
 7  146.412, 2023/03/01 16:34:32
 7  151.376, 2023/03/01 16:34:37
 7  164.036, 2023/03/01 16:34:50
 7  170.560, 2023/03/01 16:34:56
 7  175.704, 2023/03/01 16:35:01
 7  181.552, 2023/03/01 16:35:07
 7  189.560, 2023/03/01 16:35:15
 7  191.948, 2023/03/01 16:35:17
 7  194.184, 2023/03/01 16:35:20
 7  196.716, 2023/03/01 16:35:22
 7  200.928, 2023/03/01 16:35:26
 7  203.800, 2023/03/01 16:35:29
 7  207.616, 2023/03/01 16:35:33
 7  215.648, 2023/03/01 16:35:41
 7  222.400, 2023/03/01 16:35:48
 7  224.736, 2023/03/01 16:35:50
 7  229.680, 2023/03/01 16:35:55
 7  232.984, 2023/03/01 16:35:58
 7  235.092, 2023/03/01 16:36:01
 7  236.532, 2023/03/01 16:36:02
 7  238.400, 2023/03/01 16:36:04
 7  241.256, 2023/03/01 16:36:07
 7  242.928, 2023/03/01 16:36:08
 7  245.168, 2023/03/01 16:36:11
 7  247.072, 2023/03/01 16:36:13
 7  249.720, 2023/03/01 16:36:15
 7  251.384, 2023/03/01 16:36:17
 7  253.080, 2023/03/01 16:36:19
 7  256.132, 2023/03/01 16:36:22
 7  267.676, 2023/03/01 16:36:33
 7  269.360, 2023/03/01 16:36:35
 7  271.240, 2023/03/01 16:36:37
 7  272.908, 2023/03/01 16:36:38
 7  276.164, 2023/03/01 16:36:42
